<?xml version="1.0" encoding="UTF-8"?>
<!-- Generated by org.testng.reporters.JUnitXMLReporter -->
<testsuite hostname="INC00752" ignored="0" name="Default test" tests="3" failures="0" timestamp="10 Jan 2018 06:18:48 GMT" time="18.031" errors="0">
  <testcase name="TestHomePageHeadLine" time="0.976" classname="com.incture.proj.testNg.TestClass"/>
  <testcase name="TestHomePageButton" time="0.716" classname="com.incture.proj.testNg.TestClass"/>
  <testcase name="TestRegisterPage" time="2.772" classname="com.incture.proj.testNg.TestClass"/>
</testsuite> <!-- Default test -->
